<?xml version="1.0" encoding="UTF-8"?>
<!-- Generated by org.testng.reporters.JUnitReportReporter -->
<testsuite hostname="DESKTOP-IOQCSKS" failures="0" tests="2" name="runner.test_runner" time="88.318" errors="0" timestamp="8 Nov 2022 14:14:01 GMT">
  <testcase classname="runner.test_runner" name="runScenario" time="20.849"/>
  <testcase classname="runner.test_runner" name="runScenario" time="67.469"/>
</testsuite> <!-- runner.test_runner -->
